server running on port 4000
server running on port 4000
hit
ReferenceError: db is not defined
    at /Users/abhogle/Documents/RPT23/SDC/comments-service/server/index.js:48:21
    at Layer.handle [as handle_request] (/Users/abhogle/Documents/RPT23/SDC/comments-service/node_modules/express/lib/router/layer.js:95:5)
    at next (/Users/abhogle/Documents/RPT23/SDC/comments-service/node_modules/express/lib/router/route.js:137:13)
    at Route.dispatch (/Users/abhogle/Documents/RPT23/SDC/comments-service/node_modules/express/lib/router/route.js:112:3)
    at Layer.handle [as handle_request] (/Users/abhogle/Documents/RPT23/SDC/comments-service/node_modules/express/lib/router/layer.js:95:5)
    at /Users/abhogle/Documents/RPT23/SDC/comments-service/node_modules/express/lib/router/index.js:281:22
    at param (/Users/abhogle/Documents/RPT23/SDC/comments-service/node_modules/express/lib/router/index.js:354:14)
    at param (/Users/abhogle/Documents/RPT23/SDC/comments-service/node_modules/express/lib/router/index.js:365:14)
    at Function.process_params (/Users/abhogle/Documents/RPT23/SDC/comments-service/node_modules/express/lib/router/index.js:410:3)
    at next (/Users/abhogle/Documents/RPT23/SDC/comments-service/node_modules/express/lib/router/index.js:275:10)
hit
hit
ReferenceError: db is not defined
    at /Users/abhogle/Documents/RPT23/SDC/comments-service/server/index.js:48:21
    at Layer.handle [as handle_request] (/Users/abhogle/Documents/RPT23/SDC/comments-service/node_modules/express/lib/router/layer.js:95:5)
    at next (/Users/abhogle/Documents/RPT23/SDC/comments-service/node_modules/express/lib/router/route.js:137:13)
    at Route.dispatch (/Users/abhogle/Documents/RPT23/SDC/comments-service/node_modules/express/lib/router/route.js:112:3)
    at Layer.handle [as handle_request] (/Users/abhogle/Documents/RPT23/SDC/comments-service/node_modules/express/lib/router/layer.js:95:5)
    at /Users/abhogle/Documents/RPT23/SDC/comments-service/node_modules/express/lib/router/index.js:281:22
    at param (/Users/abhogle/Documents/RPT23/SDC/comments-service/node_modules/express/lib/router/index.js:354:14)
    at param (/Users/abhogle/Documents/RPT23/SDC/comments-service/node_modules/express/lib/router/index.js:365:14)
    at Function.process_params (/Users/abhogle/Documents/RPT23/SDC/comments-service/node_modules/express/lib/router/index.js:410:3)
    at next (/Users/abhogle/Documents/RPT23/SDC/comments-service/node_modules/express/lib/router/index.js:275:10)
hit
server running on port 4000
mongodb connected!
hit
hit
server running on port 4000
mongodb connected!
server running on port 4000
mongodb connected!
